{"js/utility.js":{"path":"js/utility.js","s":{"1":1,"2":1,"3":1},"b":{},"f":{"1":1,"2":1},"fnMap":{"1":{"name":"(anonymous_1)","line":1,"loc":{"start":{"line":1,"column":17},"end":{"line":1,"column":27}}},"2":{"name":"(anonymous_2)","line":2,"loc":{"start":{"line":2,"column":19},"end":{"line":2,"column":29}}}},"statementMap":{"1":{"start":{"line":1,"column":0},"end":{"line":6,"column":2}},"2":{"start":{"line":2,"column":4},"end":{"line":4,"column":6}},"3":{"start":{"line":3,"column":8},"end":{"line":3,"column":29}}},"branchMap":{}}}